VirtualBox XPCOM Server 5.2.42_Ubuntu r137960 linux.amd64 (Jun  5 2020 08:26:08) release log
00:00:00.003082 main     Log opened 2020-10-31T22:38:49.447544000Z
00:00:00.003086 main     Build Type: release
00:00:00.003092 main     OS Product: Linux
00:00:00.003094 main     OS Release: 5.3.0-51-generic
00:00:00.003095 main     OS Version: #44~18.04.2-Ubuntu SMP Thu Apr 23 14:27:18 UTC 2020
00:00:00.003158 main     DMI Product Name: HP 255 G7 Notebook PC
00:00:00.003192 main     DMI Product Version: Type1ProductConfigId
00:00:00.003292 main     Host RAM: 7423MB (7.2GB) total, 4780MB (4.6GB) available
00:00:00.003298 main     Executable: /usr/lib/virtualbox/VBoxSVC
00:00:00.003300 main     Process ID: 16399
00:00:00.003301 main     Package type: LINUX_64BITS_GENERIC (OSE)
00:00:00.006475 main     IPC socket path: /tmp/.vbox-tux-ipc/ipcd
00:00:00.116952 nspr-2   VirtualBox: object creation starts
00:00:00.118293 nspr-2   Home directory: '/home/tux/.config/VirtualBox'
00:00:00.128248 nspr-2   Loading settings file "/home/tux/.config/VirtualBox/VirtualBox.xml" with version "1.12-linux"
00:00:00.138184 nspr-2   NetIfAdpCtlOut: VBoxNetAdpCtl: Error while retrieving link status for wlo1: VBoxNetAdpCtl: ioctl failed: Operation not supported
00:00:00.141285 nspr-2   NAT: resolv.conf: nameserver 127.0.0.53
00:00:00.141339 nspr-2   HostDnsMonitor::updateInfo
00:00:00.141365 nspr-2   HostDnsMonitor: old information
00:00:00.141370 nspr-2     no server entries
00:00:00.141375 nspr-2     no domain set
00:00:00.141379 nspr-2     no search string entries
00:00:00.141383 nspr-2   HostDnsMonitor: new information
00:00:00.141386 nspr-2     server 1: 127.0.0.53
00:00:00.141391 nspr-2     domain: americasbestvalue
00:00:00.141395 nspr-2     search string 1: americasbestvalue
00:00:00.159826 nspr-2   VD: VDInit finished with VINF_SUCCESS
00:00:00.189266 nspr-2   ERROR [COM]: aRC=NS_ERROR_FAILURE (0x80004005) aIID={85cd948e-a71f-4289-281e-0ca7ad48cd89} aComponent={MachineWrap} aText={Runtime error opening '/home/tux/VirtualBox VMs/metasploitable2/metasploitable2.vbox' for reading: -102 (File not found.).
00:00:00.189358 nspr-2   /build/virtualbox-jlhHwh/virtualbox-5.2.42-dfsg/src/VBox/Main/src-server/MachineImpl.cpp[745] (nsresult Machine::i_registeredInit())}, preserve=false aResultDetail=0
00:00:00.189908 nspr-2   ERROR [COM]: aRC=NS_ERROR_FAILURE (0x80004005) aIID={85cd948e-a71f-4289-281e-0ca7ad48cd89} aComponent={MachineWrap} aText={Runtime error opening '/home/tux/Android/virtual-box/PopOS!/PopOS!.vbox' for reading: -102 (File not found.).
00:00:00.189918 nspr-2   /build/virtualbox-jlhHwh/virtualbox-5.2.42-dfsg/src/VBox/Main/src-server/MachineImpl.cpp[745] (nsresult Machine::i_registeredInit())}, preserve=false aResultDetail=0
00:00:00.190304 nspr-2   ERROR [COM]: aRC=NS_ERROR_FAILURE (0x80004005) aIID={85cd948e-a71f-4289-281e-0ca7ad48cd89} aComponent={MachineWrap} aText={Runtime error opening '/home/tux/Android/virtual-box/WinDev2008Eval/WinDev2008Eval.vbox' for reading: -102 (File not found.).
00:00:00.190313 nspr-2   /build/virtualbox-jlhHwh/virtualbox-5.2.42-dfsg/src/VBox/Main/src-server/MachineImpl.cpp[745] (nsresult Machine::i_registeredInit())}, preserve=false aResultDetail=0
00:00:00.190565 nspr-2   ERROR [COM]: aRC=NS_ERROR_FAILURE (0x80004005) aIID={85cd948e-a71f-4289-281e-0ca7ad48cd89} aComponent={MachineWrap} aText={Runtime error opening '/home/tux/Android/virtual-box/ParrotOS/ParrotOS.vbox' for reading: -102 (File not found.).
00:00:00.190570 nspr-2   /build/virtualbox-jlhHwh/virtualbox-5.2.42-dfsg/src/VBox/Main/src-server/MachineImpl.cpp[745] (nsresult Machine::i_registeredInit())}, preserve=false aResultDetail=0
00:00:00.209170 nspr-2   VirtualBox: object created
00:00:00.604740 nspr-3   ERROR [COM]: aRC=NS_ERROR_FAILURE (0x80004005) aIID={85cd948e-a71f-4289-281e-0ca7ad48cd89} aComponent={MachineWrap} aText={Runtime error opening '/home/tux/VirtualBox VMs/metasploitable2/metasploitable2.vbox' for reading: -102 (File not found.).
00:00:00.604751 nspr-3   /build/virtualbox-jlhHwh/virtualbox-5.2.42-dfsg/src/VBox/Main/src-server/MachineImpl.cpp[745] (nsresult Machine::i_registeredInit())}, preserve=false aResultDetail=0
00:00:00.605624 nspr-3   ERROR [COM]: aRC=NS_ERROR_FAILURE (0x80004005) aIID={85cd948e-a71f-4289-281e-0ca7ad48cd89} aComponent={MachineWrap} aText={Runtime error opening '/home/tux/VirtualBox VMs/metasploitable2/metasploitable2.vbox' for reading: -102 (File not found.).
00:00:00.605635 nspr-3   /build/virtualbox-jlhHwh/virtualbox-5.2.42-dfsg/src/VBox/Main/src-server/MachineImpl.cpp[745] (nsresult Machine::i_registeredInit())}, preserve=false aResultDetail=0
00:00:00.606777 nspr-3   ERROR [COM]: aRC=NS_ERROR_FAILURE (0x80004005) aIID={85cd948e-a71f-4289-281e-0ca7ad48cd89} aComponent={MachineWrap} aText={Runtime error opening '/home/tux/VirtualBox VMs/metasploitable2/metasploitable2.vbox' for reading: -102 (File not found.).
00:00:00.606787 nspr-3   /build/virtualbox-jlhHwh/virtualbox-5.2.42-dfsg/src/VBox/Main/src-server/MachineImpl.cpp[745] (nsresult Machine::i_registeredInit())}, preserve=false aResultDetail=0
00:00:00.615181 nspr-3   ERROR [COM]: aRC=NS_ERROR_FAILURE (0x80004005) aIID={85cd948e-a71f-4289-281e-0ca7ad48cd89} aComponent={MachineWrap} aText={Runtime error opening '/home/tux/Android/virtual-box/PopOS!/PopOS!.vbox' for reading: -102 (File not found.).
00:00:00.615193 nspr-3   /build/virtualbox-jlhHwh/virtualbox-5.2.42-dfsg/src/VBox/Main/src-server/MachineImpl.cpp[745] (nsresult Machine::i_registeredInit())}, preserve=false aResultDetail=0
00:00:00.615640 nspr-3   ERROR [COM]: aRC=NS_ERROR_FAILURE (0x80004005) aIID={85cd948e-a71f-4289-281e-0ca7ad48cd89} aComponent={MachineWrap} aText={Runtime error opening '/home/tux/Android/virtual-box/PopOS!/PopOS!.vbox' for reading: -102 (File not found.).
00:00:00.615647 nspr-3   /build/virtualbox-jlhHwh/virtualbox-5.2.42-dfsg/src/VBox/Main/src-server/MachineImpl.cpp[745] (nsresult Machine::i_registeredInit())}, preserve=false aResultDetail=0
00:00:00.616623 nspr-3   ERROR [COM]: aRC=NS_ERROR_FAILURE (0x80004005) aIID={85cd948e-a71f-4289-281e-0ca7ad48cd89} aComponent={MachineWrap} aText={Runtime error opening '/home/tux/Android/virtual-box/PopOS!/PopOS!.vbox' for reading: -102 (File not found.).
00:00:00.616632 nspr-3   /build/virtualbox-jlhHwh/virtualbox-5.2.42-dfsg/src/VBox/Main/src-server/MachineImpl.cpp[745] (nsresult Machine::i_registeredInit())}, preserve=false aResultDetail=0
00:00:00.618117 nspr-3   ERROR [COM]: aRC=NS_ERROR_FAILURE (0x80004005) aIID={85cd948e-a71f-4289-281e-0ca7ad48cd89} aComponent={MachineWrap} aText={Runtime error opening '/home/tux/Android/virtual-box/WinDev2008Eval/WinDev2008Eval.vbox' for reading: -102 (File not found.).
00:00:00.618127 nspr-3   /build/virtualbox-jlhHwh/virtualbox-5.2.42-dfsg/src/VBox/Main/src-server/MachineImpl.cpp[745] (nsresult Machine::i_registeredInit())}, preserve=false aResultDetail=0
00:00:00.618540 nspr-3   ERROR [COM]: aRC=NS_ERROR_FAILURE (0x80004005) aIID={85cd948e-a71f-4289-281e-0ca7ad48cd89} aComponent={MachineWrap} aText={Runtime error opening '/home/tux/Android/virtual-box/WinDev2008Eval/WinDev2008Eval.vbox' for reading: -102 (File not found.).
00:00:00.618547 nspr-3   /build/virtualbox-jlhHwh/virtualbox-5.2.42-dfsg/src/VBox/Main/src-server/MachineImpl.cpp[745] (nsresult Machine::i_registeredInit())}, preserve=false aResultDetail=0
00:00:00.623701 nspr-3   ERROR [COM]: aRC=NS_ERROR_FAILURE (0x80004005) aIID={85cd948e-a71f-4289-281e-0ca7ad48cd89} aComponent={MachineWrap} aText={Runtime error opening '/home/tux/Android/virtual-box/WinDev2008Eval/WinDev2008Eval.vbox' for reading: -102 (File not found.).
00:00:00.623713 nspr-3   /build/virtualbox-jlhHwh/virtualbox-5.2.42-dfsg/src/VBox/Main/src-server/MachineImpl.cpp[745] (nsresult Machine::i_registeredInit())}, preserve=false aResultDetail=0
00:00:00.625575 nspr-3   ERROR [COM]: aRC=NS_ERROR_FAILURE (0x80004005) aIID={85cd948e-a71f-4289-281e-0ca7ad48cd89} aComponent={MachineWrap} aText={Runtime error opening '/home/tux/Android/virtual-box/ParrotOS/ParrotOS.vbox' for reading: -102 (File not found.).
00:00:00.625587 nspr-3   /build/virtualbox-jlhHwh/virtualbox-5.2.42-dfsg/src/VBox/Main/src-server/MachineImpl.cpp[745] (nsresult Machine::i_registeredInit())}, preserve=false aResultDetail=0
00:00:00.626127 nspr-3   ERROR [COM]: aRC=NS_ERROR_FAILURE (0x80004005) aIID={85cd948e-a71f-4289-281e-0ca7ad48cd89} aComponent={MachineWrap} aText={Runtime error opening '/home/tux/Android/virtual-box/ParrotOS/ParrotOS.vbox' for reading: -102 (File not found.).
00:00:00.626136 nspr-3   /build/virtualbox-jlhHwh/virtualbox-5.2.42-dfsg/src/VBox/Main/src-server/MachineImpl.cpp[745] (nsresult Machine::i_registeredInit())}, preserve=false aResultDetail=0
00:00:00.627622 nspr-3   ERROR [COM]: aRC=NS_ERROR_FAILURE (0x80004005) aIID={85cd948e-a71f-4289-281e-0ca7ad48cd89} aComponent={MachineWrap} aText={Runtime error opening '/home/tux/Android/virtual-box/ParrotOS/ParrotOS.vbox' for reading: -102 (File not found.).
00:00:00.627634 nspr-3   /build/virtualbox-jlhHwh/virtualbox-5.2.42-dfsg/src/VBox/Main/src-server/MachineImpl.cpp[745] (nsresult Machine::i_registeredInit())}, preserve=false aResultDetail=0
00:00:00.629045 nspr-3   ERROR [COM]: aRC=E_ACCESSDENIED (0x80070005) aIID={85cd948e-a71f-4289-281e-0ca7ad48cd89} aComponent={MachineWrap} aText={The object functionality is limited}, preserve=false aResultDetail=0
00:00:00.629144 nspr-3   ERROR [COM]: aRC=E_ACCESSDENIED (0x80070005) aIID={85cd948e-a71f-4289-281e-0ca7ad48cd89} aComponent={MachineWrap} aText={The object functionality is limited}, preserve=false aResultDetail=0
00:00:00.629158 nspr-3   ERROR [COM]: aRC=E_ACCESSDENIED (0x80070005) aIID={85cd948e-a71f-4289-281e-0ca7ad48cd89} aComponent={MachineWrap} aText={The object functionality is limited}, preserve=false aResultDetail=0
00:00:00.629170 nspr-3   ERROR [COM]: aRC=E_ACCESSDENIED (0x80070005) aIID={85cd948e-a71f-4289-281e-0ca7ad48cd89} aComponent={MachineWrap} aText={The object functionality is limited}, preserve=false aResultDetail=0
00:00:00.629182 nspr-3   ERROR [COM]: aRC=VBOX_E_OBJECT_NOT_FOUND (0x80bb0001) aIID={9570b9d5-f1a1-448a-10c5-e12f5285adad} aComponent={VirtualBoxWrap} aText={Could not find a registered machine named 'ParrotOS'}, preserve=false aResultDetail=0
00:00:16.371616 nspr-3   ERROR [COM]: aRC=NS_ERROR_FAILURE (0x80004005) aIID={85cd948e-a71f-4289-281e-0ca7ad48cd89} aComponent={MachineWrap} aText={Runtime error opening '/home/tux/Android/virtual-box/ParrotOS/ParrotOS.vbox' for reading: -102 (File not found.).
00:00:16.371628 nspr-3   /build/virtualbox-jlhHwh/virtualbox-5.2.42-dfsg/src/VBox/Main/src-server/MachineImpl.cpp[745] (nsresult Machine::i_registeredInit())}, preserve=false aResultDetail=0
00:00:18.433546 nspr-3   Saving settings file "/home/tux/.config/VirtualBox/VirtualBox.xml" with version "1.12-linux"
00:00:23.752413 nspr-3   ERROR [COM]: aRC=NS_ERROR_FAILURE (0x80004005) aIID={85cd948e-a71f-4289-281e-0ca7ad48cd89} aComponent={MachineWrap} aText={Runtime error opening '/home/tux/Android/virtual-box/WinDev2008Eval/WinDev2008Eval.vbox' for reading: -102 (File not found.).
00:00:23.752428 nspr-3   /build/virtualbox-jlhHwh/virtualbox-5.2.42-dfsg/src/VBox/Main/src-server/MachineImpl.cpp[745] (nsresult Machine::i_registeredInit())}, preserve=false aResultDetail=0
00:00:25.433941 nspr-3   Saving settings file "/home/tux/.config/VirtualBox/VirtualBox.xml" with version "1.12-linux"
00:01:06.690616 nspr-3   Loading settings file "/home/tux/Android/virtual-box/PopOS!/PopOS!.vbox" with version "1.16-linux"
00:01:14.592559 nspr-2   ERROR [COM]: aRC=NS_ERROR_FAILURE (0x80004005) aIID={85cd948e-a71f-4289-281e-0ca7ad48cd89} aComponent={MachineWrap} aText={Runtime error opening '/home/tux/VirtualBox VMs/metasploitable2/metasploitable2.vbox' for reading: -102 (File not found.).
00:01:14.592574 nspr-2   /build/virtualbox-jlhHwh/virtualbox-5.2.42-dfsg/src/VBox/Main/src-server/MachineImpl.cpp[745] (nsresult Machine::i_registeredInit())}, preserve=false aResultDetail=0
00:01:16.662221 nspr-4   Saving settings file "/home/tux/.config/VirtualBox/VirtualBox.xml" with version "1.12-linux"
00:01:52.393638 nspr-4   Saving settings file "/home/tux/.config/VirtualBox/VirtualBox.xml" with version "1.12-linux"
00:01:52.525665 nspr-4   Saving settings file "/home/tux/.config/VirtualBox/VirtualBox.xml" with version "1.12-linux"
00:02:10.542761 nspr-2   WARNING [COM]: aRC=NS_ERROR_FAILURE (0x80004005) aIID={afca788c-4477-787d-60b2-3fa70e56fbbc} aComponent={HostWrap} aText={VirtualBox is not currently allowed to access USB devices.  You can change this by adding your user to the 'vboxusers' group.  Please see the user manual for a more detailed explanation}, preserve=true  aResultDetail=0
00:02:10.548773 nspr-2   Saving settings file "/home/tux/Android/virtual-box/Meta2/Meta2.vbox" with version "1.16-linux"
00:02:11.196905 nspr-2   Saving settings file "/home/tux/.config/VirtualBox/VirtualBox.xml" with version "1.12-linux"
00:02:11.272913 nspr-3   Saving settings file "/home/tux/Android/virtual-box/Meta2/Meta2.vbox" with version "1.16-linux"
00:02:11.399932 nspr-2   ERROR [COM]: aRC=NS_ERROR_FAILURE (0x80004005) aIID={85cd948e-a71f-4289-281e-0ca7ad48cd89} aComponent={MachineWrap} aText={This machine does not have any snapshots}, preserve=false aResultDetail=0
00:02:16.833106 nspr-4   WARNING [COM]: aRC=NS_ERROR_FAILURE (0x80004005) aIID={afca788c-4477-787d-60b2-3fa70e56fbbc} aComponent={HostWrap} aText={VirtualBox is not currently allowed to access USB devices.  You can change this by adding your user to the 'vboxusers' group.  Please see the user manual for a more detailed explanation}, preserve=true  aResultDetail=0
00:02:16.957438 nspr-3   NetIfAdpCtlOut: VBoxNetAdpCtl: Error while retrieving link status for wlo1: VBoxNetAdpCtl: ioctl failed: Operation not supported
00:02:16.969234 nspr-3   NetIfAdpCtlOut: VBoxNetAdpCtl: Error while retrieving link status for wlo1: VBoxNetAdpCtl: ioctl failed: Operation not supported
00:02:16.999203 nspr-4   WARNING [COM]: aRC=NS_ERROR_FAILURE (0x80004005) aIID={afca788c-4477-787d-60b2-3fa70e56fbbc} aComponent={HostWrap} aText={VirtualBox is not currently allowed to access USB devices.  You can change this by adding your user to the 'vboxusers' group.  Please see the user manual for a more detailed explanation}, preserve=true  aResultDetail=0
00:02:17.000255 nspr-3   WARNING [COM]: aRC=NS_ERROR_FAILURE (0x80004005) aIID={afca788c-4477-787d-60b2-3fa70e56fbbc} aComponent={HostWrap} aText={VirtualBox is not currently allowed to access USB devices.  You can change this by adding your user to the 'vboxusers' group.  Please see the user manual for a more detailed explanation}, preserve=true  aResultDetail=0
00:03:09.045064 nspr-4   WARNING [COM]: aRC=NS_ERROR_FAILURE (0x80004005) aIID={afca788c-4477-787d-60b2-3fa70e56fbbc} aComponent={HostWrap} aText={VirtualBox is not currently allowed to access USB devices.  You can change this by adding your user to the 'vboxusers' group.  Please see the user manual for a more detailed explanation}, preserve=true  aResultDetail=0
00:03:09.045713 nspr-3   Saving settings file "/home/tux/Android/virtual-box/Meta2/Meta2.vbox" with version "1.16-linux"
00:03:12.277469 nspr-2   WARNING [COM]: aRC=NS_ERROR_FAILURE (0x80004005) aIID={afca788c-4477-787d-60b2-3fa70e56fbbc} aComponent={HostWrap} aText={VirtualBox is not currently allowed to access USB devices.  You can change this by adding your user to the 'vboxusers' group.  Please see the user manual for a more detailed explanation}, preserve=true  aResultDetail=0
00:03:12.279116 nspr-6   WARNING [COM]: aRC=NS_ERROR_FAILURE (0x80004005) aIID={afca788c-4477-787d-60b2-3fa70e56fbbc} aComponent={HostWrap} aText={VirtualBox is not currently allowed to access USB devices.  You can change this by adding your user to the 'vboxusers' group.  Please see the user manual for a more detailed explanation}, preserve=true  aResultDetail=0
00:03:12.288368 nspr-2   Load [/usr/lib/virtualbox/ExtensionPacks/Oracle_VM_VirtualBox_Extension_Pack/linux.amd64/VBoxHostWebcam.so] rc VINF_SUCCESS
00:03:12.289063 nspr-6   WARNING [COM]: aRC=NS_ERROR_FAILURE (0x80004005) aIID={afca788c-4477-787d-60b2-3fa70e56fbbc} aComponent={HostWrap} aText={VirtualBox is not currently allowed to access USB devices.  You can change this by adding your user to the 'vboxusers' group.  Please see the user manual for a more detailed explanation}, preserve=true  aResultDetail=0
00:03:12.392144 nspr-2   WARNING [COM]: aRC=NS_ERROR_FAILURE (0x80004005) aIID={afca788c-4477-787d-60b2-3fa70e56fbbc} aComponent={HostWrap} aText={VirtualBox is not currently allowed to access USB devices.  You can change this by adding your user to the 'vboxusers' group.  Please see the user manual for a more detailed explanation}, preserve=true  aResultDetail=0
00:03:12.400130 nspr-6   WARNING [COM]: aRC=NS_ERROR_FAILURE (0x80004005) aIID={afca788c-4477-787d-60b2-3fa70e56fbbc} aComponent={HostWrap} aText={VirtualBox is not currently allowed to access USB devices.  You can change this by adding your user to the 'vboxusers' group.  Please see the user manual for a more detailed explanation}, preserve=true  aResultDetail=0
00:03:12.443213 nspr-2   ERROR [COM]: aRC=VBOX_E_IPRT_ERROR (0x80bb0005) aIID={85cd948e-a71f-4289-281e-0ca7ad48cd89} aComponent={SessionMachine} aText={Saved screenshot data is not available (VERR_NOT_SUPPORTED)}, preserve=false aResultDetail=0
00:03:12.495143 nspr-6   NetIfAdpCtlOut: VBoxNetAdpCtl: Error while retrieving link status for wlo1: VBoxNetAdpCtl: ioctl failed: Operation not supported
00:03:13.555582 nspr-3   WARNING [COM]: aRC=NS_ERROR_FAILURE (0x80004005) aIID={afca788c-4477-787d-60b2-3fa70e56fbbc} aComponent={HostWrap} aText={VirtualBox is not currently allowed to access USB devices.  You can change this by adding your user to the 'vboxusers' group.  Please see the user manual for a more detailed explanation}, preserve=true  aResultDetail=0
00:05:46.888342 nspr-7   Saving settings file "/home/tux/Android/virtual-box/Meta2/Meta2.vbox" with version "1.16-linux"
00:05:47.008406 nspr-5   Saving settings file "/home/tux/Android/virtual-box/Meta2/Meta2.vbox" with version "1.16-linux"
00:05:50.396610 nspr-5   WARNING [COM]: aRC=NS_ERROR_FAILURE (0x80004005) aIID={afca788c-4477-787d-60b2-3fa70e56fbbc} aComponent={HostWrap} aText={VirtualBox is not currently allowed to access USB devices.  You can change this by adding your user to the 'vboxusers' group.  Please see the user manual for a more detailed explanation}, preserve=true  aResultDetail=0
00:05:50.398410 nspr-5   WARNING [COM]: aRC=NS_ERROR_FAILURE (0x80004005) aIID={afca788c-4477-787d-60b2-3fa70e56fbbc} aComponent={HostWrap} aText={VirtualBox is not currently allowed to access USB devices.  You can change this by adding your user to the 'vboxusers' group.  Please see the user manual for a more detailed explanation}, preserve=true  aResultDetail=0
00:05:50.399859 nspr-4   Load [/usr/lib/virtualbox/ExtensionPacks/Oracle_VM_VirtualBox_Extension_Pack/linux.amd64/VBoxHostWebcam.so] rc VINF_SUCCESS
00:05:50.400483 nspr-5   WARNING [COM]: aRC=NS_ERROR_FAILURE (0x80004005) aIID={afca788c-4477-787d-60b2-3fa70e56fbbc} aComponent={HostWrap} aText={VirtualBox is not currently allowed to access USB devices.  You can change this by adding your user to the 'vboxusers' group.  Please see the user manual for a more detailed explanation}, preserve=true  aResultDetail=0
00:05:50.493943 nspr-4   WARNING [COM]: aRC=NS_ERROR_FAILURE (0x80004005) aIID={afca788c-4477-787d-60b2-3fa70e56fbbc} aComponent={HostWrap} aText={VirtualBox is not currently allowed to access USB devices.  You can change this by adding your user to the 'vboxusers' group.  Please see the user manual for a more detailed explanation}, preserve=true  aResultDetail=0
00:05:50.495745 nspr-5   WARNING [COM]: aRC=NS_ERROR_FAILURE (0x80004005) aIID={afca788c-4477-787d-60b2-3fa70e56fbbc} aComponent={HostWrap} aText={VirtualBox is not currently allowed to access USB devices.  You can change this by adding your user to the 'vboxusers' group.  Please see the user manual for a more detailed explanation}, preserve=true  aResultDetail=0
00:05:50.533028 nspr-4   ERROR [COM]: aRC=VBOX_E_IPRT_ERROR (0x80bb0005) aIID={85cd948e-a71f-4289-281e-0ca7ad48cd89} aComponent={SessionMachine} aText={Saved screenshot data is not available (VERR_NOT_SUPPORTED)}, preserve=false aResultDetail=0
00:05:50.570470 nspr-8   NetIfAdpCtlOut: VBoxNetAdpCtl: Error while retrieving link status for wlo1: VBoxNetAdpCtl: ioctl failed: Operation not supported
00:05:51.444140 nspr-5   WARNING [COM]: aRC=NS_ERROR_FAILURE (0x80004005) aIID={afca788c-4477-787d-60b2-3fa70e56fbbc} aComponent={HostWrap} aText={VirtualBox is not currently allowed to access USB devices.  You can change this by adding your user to the 'vboxusers' group.  Please see the user manual for a more detailed explanation}, preserve=true  aResultDetail=0
00:07:01.007425 nspr-7   Saving settings file "/home/tux/Android/virtual-box/PopOS!/PopOS!.vbox" with version "1.16-linux"
00:07:01.797655 nspr-4   Saving settings file "/home/tux/Android/virtual-box/PopOS!/PopOS!.vbox" with version "1.16-linux"
00:07:07.292168 nspr-2   Saving settings file "/home/tux/.config/VirtualBox/VirtualBox.xml" with version "1.12-linux"
00:07:07.382902 nspr-6   Saving settings file "/home/tux/.config/VirtualBox/VirtualBox.xml" with version "1.12-linux"
00:07:08.760718 nspr-7   Saving settings file "/home/tux/.config/VirtualBox/VirtualBox.xml" with version "1.12-linux"
00:07:08.832881 nspr-7   Saving settings file "/home/tux/.config/VirtualBox/VirtualBox.xml" with version "1.12-linux"
00:07:08.899357 nspr-3   Saving settings file "/home/tux/.config/VirtualBox/VirtualBox.xml" with version "1.12-linux"
00:07:14.482043 main     VirtualBox: object deletion starts
00:07:14.482131 main     ERROR [COM]: aRC=VBOX_E_OBJECT_IN_USE (0x80bb000c) aIID={4afe423b-43e0-e9d0-82e8-ceb307940dda} aComponent={MediumWrap} aText={Medium '/home/tux/Android/virtual-box/PopOS!/Pop_OS_20.04__VirtualBox_Image_LinuxVMImages.com-disk001.vmdk' cannot be closed because it is still attached to 1 virtual machines}, preserve=false aResultDetail=0
00:07:14.482408 main     ERROR [COM]: aRC=VBOX_E_OBJECT_IN_USE (0x80bb000c) aIID={4afe423b-43e0-e9d0-82e8-ceb307940dda} aComponent={MediumWrap} aText={Medium '/home/tux/Android/virtual-box/Metasploitable2-Linux/Metasploitable.vmdk' cannot be closed because it is still attached to 1 virtual machines}, preserve=false aResultDetail=0
00:07:14.518645 Watcher  ERROR [COM]: aRC=E_ACCESSDENIED (0x80070005) aIID={9570b9d5-f1a1-448a-10c5-e12f5285adad} aComponent={VirtualBoxWrap} aText={The object is not ready}, preserve=false aResultDetail=0
00:07:19.491119 main     {00007f421801a130} HostPowerServiceLinux::~HostPowerServiceLinux: RTThreadWait() for 5000 ms failed with VERR_TIMEOUT
00:07:19.491726 main     VirtualBox: object deleted
